<?xml version="1.0" encoding="UTF-8"?>
<!-- Generated by org.testng.reporters.JUnitReportReporter -->
<testsuite skipped="0" hostname="ip-172-31-23-119" name="testcases.SaucedemoLoginTest" tests="4" failures="0" timestamp="2022-04-07T07:46:50 UTC" time="4.987" errors="0">
  <testcase name="LoginSuccessTest" time="1.427" classname="testcases.SaucedemoLoginTest"/>
  <system-out/>
  <testcase name="LoginFailiureTest" time="1.136" classname="testcases.SaucedemoLoginTest"/>
  <system-out/>
  <testcase name="ParameterizedTest" time="1.197" classname="testcases.SaucedemoLoginTest"/>
  <system-out/>
  <testcase name="ExternalDataTest" time="1.227" classname="testcases.SaucedemoLoginTest"/>
  <system-out/>
</testsuite> <!-- testcases.SaucedemoLoginTest -->
